pos=(0.000000,0.000000,0.000000,),v=(0.000000,0.000000,0.000000,),m=1988999999999999901909255192576.000000
pos=(57909000000.000000,0.000000,0.000000,),v=(0.000000,47360.000000,0.000000,),m=330110000000000013107200.000000
pos=(108209000000.000000,0.000000,0.000000,),v=(0.000000,35020.000000,0.000000,),m=4867500000000000349175808.000000
pos=(149596000000.000000,0.000000,0.000000,),v=(0.000000,29780.000000,0.000000,),m=5972400000000000121634816.000000
pos=(227923000000.000000,0.000000,0.000000,),v=(0.000000,24070.000000,0.000000,),m=641710000000000034078720.000000
pos=(778570000000.000000,0.000000,0.000000,),v=(0.000000,13000.000000,0.000000,),m=1898190000000000107831361536.000000
pos=(1433529000000.000000,0.000000,0.000000,),v=(0.000000,9680.000000,0.000000,),m=568340000000000030526144512.000000
pos=(2872463000000.000000,0.000000,0.000000,),v=(0.000000,6800.000000,0.000000,),m=86812999999999999595249664.000000
pos=(4495060000000.000000,0.000000,0.000000,),v=(0.000000,5430.000000,0.000000,),m=102413000000000007279214592.000000
pos=(-28320.377915,6936.501552,-46634.074578,),v=(-2768.819266,-73.834120,-250.814802,),m=894890513006081081344.000000
pos=(-34608.293737,-13922.461804,-41597.847171,),v=(4585.023178,-3102.593393,-3331.315018,),m=553273982435126738944.000000
pos=(-29068.157207,29241.708330,458.417298,),v=(4613.027633,-31.764151,-602.837971,),m=776776711237047287808.000000
pos=(23678.634909,45990.442250,-4747.898949,),v=(3974.555102,3415.000806,-2109.406771,),m=28658897073314942976.000000
pos=(42743.953035,38594.184764,-42431.749214,),v=(2628.467450,2168.878032,4779.711612,),m=543012790994258952192.000000
pos=(-25744.899398,-29614.623068,20067.735422,),v=(1005.510672,-3096.046023,4685.222222,),m=623452894070862249984.000000
pos=(-35960.644337,-46215.093367,37934.914738,),v=(4134.511817,2415.713425,4859.633017,),m=812248791634221072384.000000
pos=(-33159.153016,43125.521528,14814.301797,),v=(-528.485186,-222.953230,419.171264,),m=123665231172770840576.000000
pos=(12611.417874,-27333.475453,-8293.935637,),v=(2600.466389,-1610.484666,-4981.220444,),m=613383103260483256320.000000
pos=(-11441.713460,-20096.595339,-45939.461140,),v=(3741.228068,387.847407,2080.308472,),m=499810041411691347968.000000
pos=(-1090788461568734.625000,-976276629961317.250000,-964006648920629.750000,),v=(-3458867.521381,-3095752.885404,-3056845.030761,),m=1988999999999999901909255192576.000000
pos=(-1033334331857.636230,14921787306621.763672,-11878763870.414066,),v=(-3459.908528,47315.654383,-37.728913,),m=330110000000000013107200.000000
pos=(-211799526140.303619,11030776632859.779297,-10379675447.431404,),v=(-1013.780784,34976.220358,-32.972228,),m=4867500000000000349175808.000000
pos=(-22616917429.914585,9379567171010.564453,-9322239830.049019,),v=(-544.616549,29739.489137,-29.616501,),m=5972400000000000121634816.000000
pos=(151353423900.714539,7578975344960.860352,-7700304157.824946,),v=(-239.617051,24027.158752,-24.467261,),m=641710000000000034078720.000000
pos=(768669996388.183716,4095320556720.260742,-3093710564.428391,),v=(-26.126670,12981.648352,-9.853118,),m=1898190000000000107831361536.000000
pos=(1417333803065.826172,3054925371697.333984,-1739682364.829826,),v=(-68.172130,9701.586376,-5.579782,),m=568340000000000030526144512.000000
pos=(2867717491830.142578,2144046315562.453857,-869884605.601020,),v=(-19.744042,6801.076841,-2.800164,),m=86812999999999999595249664.000000
pos=(4492596045261.940430,1711963645561.072266,-552790604.403068,),v=(-9.858235,5429.230312,-1.789419,),m=102413000000000007279214592.000000
pos=(615338925652353361117184.000000,-150714778538140579659776.000000,1013254888997980934766592.000000,),v=(1951226933194888.000000,-477913427632312.375000,3213010175665905.000000,),m=894890513006081081344.000000
pos=(717170269446731844288512.000000,288508177181366978347008.000000,862011267355302460129280.000000,),v=(2274132006109533.500000,914853428403584.000000,2733419797549769.500000,),m=553273982435126738944.000000
pos=(1498756390524707867197440.000000,-1507704700271104079429632.000000,-23636031021899482923008.000000,),v=(4752525337787690.000000,-4780900241854092.000000,-74949362702621.515625,),m=776776711237047287808.000000
pos=(-610650000821667154100224.000000,-1186050787767531979407360.000000,122443903140885002452992.000000,),v=(-1936358450093965.250000,-3760942376228957.500000,388267069827736.875000,),m=28658897073314942976.000000
pos=(-422115459326948252057600.000000,-381134660330504406958080.000000,419032307876601442336768.000000,),v=(-1338519340838810.750000,-1208570079688325.750000,1328742731724336.750000,),m=543012790994258952192.000000
pos=(1086969339213378016509952.000000,1250352031488991844892672.000000,-847275134925097641443328.000000,),v=(3446757163918510.500000,3964840282499223.500000,-2686691828148966.000000,),m=623452894070862249984.000000
pos=(382714110480572598976512.000000,491847926737698436415488.000000,-403725446154820184440832.000000,),v=(1213578483259023.250000,1559639544449900.750000,-1280204991612298.500000,),m=812248791634221072384.000000
pos=(668788592945090300739584.000000,-869800773083531862605824.000000,-298790386227381169815552.000000,),v=(2120714716340414.250000,-2758120158179793.000000,-947458099401840.500000,),m=123665231172770840576.000000
pos=(-1497501566394783810715648.000000,3245624138585214914920448.000000,984836258450551705960448.000000,),v=(-4748546316573730.000000,10291806629201764.000000,3122895289353429.500000,),m=613383103260483256320.000000
pos=(304004018242859235803136.000000,533962489481983309119488.000000,1220602224381900147916800.000000,),v=(963990418071014.250000,1693183946860553.750000,3870504263007287.000000,),m=499810041411691347968.000000
This took a total time of 1.600000 seconds
